<?xml version="1.0" encoding="UTF-8"?>
<testsuite xmlns:xsi="http://www.w3.org/2001/XMLSchema-instance" xsi:noNamespaceSchemaLocation="https://maven.apache.org/surefire/maven-surefire-plugin/xsd/surefire-test-report-3.0.xsd" version="3.0" name="TestSuite" time="169.745" tests="8" errors="0" skipped="0" failures="2">
  <properties>
[...]
</properties>
  <testcase name="asUserTryToLoginWithCorrectEmailAndInvalidPassword" classname="tests.FailedLoginTests" time="6.066">
    <system-out><![CDATA[[INFO ] 2021-05-05 19:47:16.325 [main] page.objects.login.LoginPage - Typed into email field: hendryka1993@gmail.com
[INFO ] 2021-05-05 19:47:16.407 [main] page.objects.login.LoginPage - Typed into password field: NotValidPassword
[INFO ] 2021-05-05 19:47:21.848 [main] page.objects.login.LoginPage - Clicked on login button
[INFO ] 2021-05-05 19:47:21.920 [main] page.objects.login.LoginPage - Returned warning message: Authentication failed.
]]></system-out>
    <system-err><![CDATA[Starting ChromeDriver 90.0.4430.24 (4c6d850f087da467d926e8eddb76550aed655991-refs/branch-heads/4430@{#429}) on port 39882
Only local connections are allowed.
Please see https://chromedriver.chromium.org/security-considerations for suggestions on keeping ChromeDriver safe.
ChromeDriver was started successfully.
May 05, 2021 7:47:05 P.M. org.openqa.selenium.remote.ProtocolHandshake createSession
INFO: Detected dialect: W3C
]]></system-err>
  </testcase>
  <testcase name="asUserTryToLoginWithInvalidEmailAndPassword" classname="tests.FailedLoginTests" time="3.534">
    <system-out><![CDATA[[INFO ] 2021-05-05 19:47:32.257 [main] page.objects.login.LoginPage - Typed into email field: NotExistingEmail@email.com
[INFO ] 2021-05-05 19:47:32.357 [main] page.objects.login.LoginPage - Typed into password field: NotExistingPassword
[INFO ] 2021-05-05 19:47:35.643 [main] page.objects.login.LoginPage - Clicked on login button
[INFO ] 2021-05-05 19:47:35.707 [main] page.objects.login.LoginPage - Returned warning message: Authentication failed.
]]></system-out>
    <system-err><![CDATA[Starting ChromeDriver 90.0.4430.24 (4c6d850f087da467d926e8eddb76550aed655991-refs/branch-heads/4430@{#429}) on port 8236
Only local connections are allowed.
Please see https://chromedriver.chromium.org/security-considerations for suggestions on keeping ChromeDriver safe.
ChromeDriver was started successfully.
May 05, 2021 7:47:23 P.M. org.openqa.selenium.remote.ProtocolHandshake createSession
INFO: Detected dialect: W3C
]]></system-err>
  </testcase>
  <testcase name="asUserTryToLoginWithNoEmail" classname="tests.FailedLoginTests" time="7.708">
    <system-out><![CDATA[[INFO ] 2021-05-05 19:47:54.574 [main] page.objects.login.LoginPage - Clicked on login button
[INFO ] 2021-05-05 19:47:54.630 [main] page.objects.login.LoginPage - Returned warning message: An email address required.
]]></system-out>
    <system-err><![CDATA[Starting ChromeDriver 90.0.4430.24 (4c6d850f087da467d926e8eddb76550aed655991-refs/branch-heads/4430@{#429}) on port 20811
Only local connections are allowed.
Please see https://chromedriver.chromium.org/security-considerations for suggestions on keeping ChromeDriver safe.
ChromeDriver was started successfully.
May 05, 2021 7:47:37 P.M. org.openqa.selenium.remote.ProtocolHandshake createSession
INFO: Detected dialect: W3C
]]></system-err>
  </testcase>
  <testcase name="asUserProvideIncorrectAlreadyRegisteredEmailForRegistrationFirstStep" classname="tests.FailedRegistrationTests" time="17.582">
    <system-out><![CDATA[[INFO ] 2021-05-05 19:48:07.650 [main] page.objects.registration.RegistrationFormFirstStepPage - Typed into email field in Create Account form: hendryka1993@gmail.com
[INFO ] 2021-05-05 19:48:07.720 [main] page.objects.registration.RegistrationFormFirstStepPage - Clicked on Create an account button
[INFO ] 2021-05-05 19:48:14.153 [main] page.objects.registration.RegistrationFormFirstStepPage - Returned warning message: An account using this email address has already been registered. Please enter a valid password or request a new one.
]]></system-out>
    <system-err><![CDATA[Starting ChromeDriver 90.0.4430.24 (4c6d850f087da467d926e8eddb76550aed655991-refs/branch-heads/4430@{#429}) on port 6149
Only local connections are allowed.
Please see https://chromedriver.chromium.org/security-considerations for suggestions on keeping ChromeDriver safe.
ChromeDriver was started successfully.
May 05, 2021 7:47:56 P.M. org.openqa.selenium.remote.ProtocolHandshake createSession
INFO: Detected dialect: W3C
]]></system-err>
  </testcase>
  <testcase name="asUserLoginUsingValidEmailAndPassword" classname="tests.PositiveLoginTests" time="23.188">
    <system-out><![CDATA[[INFO ] 2021-05-05 19:48:27.000 [main] page.objects.login.LoginPage - Typed into email field: hendryka1993@gmail.com
[INFO ] 2021-05-05 19:48:27.083 [main] page.objects.login.LoginPage - Typed into password field: SKVet12#
[INFO ] 2021-05-05 19:48:39.164 [main] page.objects.login.LoginPage - Clicked on login button
]]></system-out>
    <system-err><![CDATA[Starting ChromeDriver 90.0.4430.24 (4c6d850f087da467d926e8eddb76550aed655991-refs/branch-heads/4430@{#429}) on port 18754
Only local connections are allowed.
Please see https://chromedriver.chromium.org/security-considerations for suggestions on keeping ChromeDriver safe.
ChromeDriver was started successfully.
May 05, 2021 7:48:15 P.M. org.openqa.selenium.remote.ProtocolHandshake createSession
INFO: Detected dialect: W3C
]]></system-err>
  </testcase>
  <testcase name="asLoggedInUserMakeSuccessfulOrder" classname="tests.PositiveOrderTests" time="33.946">
    <failure message="Expected condition failed: waiting for element to be clickable: Proxy element for: DefaultElementLocator &apos;By.xpath: (//*[@class=&quot;product_img_link&quot;])[1]&apos; (tried for 10 second(s) with 500 milliseconds interval)" type="org.openqa.selenium.TimeoutException"><![CDATA[org.openqa.selenium.TimeoutException: Expected condition failed: waiting for element to be clickable: Proxy element for: DefaultElementLocator 'By.xpath: (//*[@class="product_img_link"])[1]' (tried for 10 second(s) with 500 milliseconds interval)
	at tests.PositiveOrderTests.asLoggedInUserMakeSuccessfulOrder(PositiveOrderTests.java:26)
Caused by: org.openqa.selenium.NoSuchElementException: 
no such element: Unable to locate element: {"method":"xpath","selector":"(//*[@class="product_img_link"])[1]"}
  (Session info: chrome=90.0.4430.93)
For documentation on this error, please visit: https://www.seleniumhq.org/exceptions/no_such_element.html
Build info: version: '3.141.59', revision: 'e82be7d358', time: '2018-11-14T08:17:03'
System info: host: 'MINIONEK', ip: '192.168.0.80', os.name: 'Windows 10', os.arch: 'amd64', os.version: '10.0', java.version: '11.0.2'
Driver info: org.openqa.selenium.chrome.ChromeDriver
Capabilities {acceptInsecureCerts: false, browserName: chrome, browserVersion: 90.0.4430.93, chrome: {chromedriverVersion: 90.0.4430.24 (4c6d850f087da..., userDataDir: C:\Users\monikaj\AppData\Lo...}, goog:chromeOptions: {debuggerAddress: localhost:54587}, javascriptEnabled: true, networkConnectionEnabled: false, pageLoadStrategy: normal, platform: WINDOWS, platformName: WINDOWS, proxy: Proxy(), setWindowRect: true, strictFileInteractability: false, timeouts: {implicit: 0, pageLoad: 300000, script: 30000}, unhandledPromptBehavior: dismiss and notify, webauthn:extension:largeBlob: true, webauthn:virtualAuthenticators: true}
Session ID: 30d66d9cbf3d58b8585693094eb94602
*** Element info: {Using=xpath, value=(//*[@class="product_img_link"])[1]}
	at tests.PositiveOrderTests.asLoggedInUserMakeSuccessfulOrder(PositiveOrderTests.java:26)
]]></failure>
    <system-out><![CDATA[[INFO ] 2021-05-05 19:48:51.498 [main] page.objects.login.LoginPage - Typed into email field: email1111@email.com
[INFO ] 2021-05-05 19:48:51.572 [main] page.objects.login.LoginPage - Typed into password field: 12345
[INFO ] 2021-05-05 19:49:04.682 [main] page.objects.login.LoginPage - Clicked on login button
[INFO ] 2021-05-05 19:49:04.919 [main] page.objects.HeaderPage - Clicked on Tshirt category from menu
]]></system-out>
    <system-err><![CDATA[Starting ChromeDriver 90.0.4430.24 (4c6d850f087da467d926e8eddb76550aed655991-refs/branch-heads/4430@{#429}) on port 24633
Only local connections are allowed.
Please see https://chromedriver.chromium.org/security-considerations for suggestions on keeping ChromeDriver safe.
ChromeDriver was started successfully.
May 05, 2021 7:48:40 P.M. org.openqa.selenium.remote.ProtocolHandshake createSession
INFO: Detected dialect: W3C
]]></system-err>
  </testcase>
  <testcase name="asUserProvideCorrectNonRegisteredEmailForRegistrationFirstStep" classname="tests.PositiveRegistrationTests" time="18.954">
    <system-out><![CDATA[[INFO ] 2021-05-05 19:49:28.379 [main] page.objects.registration.RegistrationFormFirstStepPage - Typed into email field in Create Account form: email1115@email.com
[INFO ] 2021-05-05 19:49:28.443 [main] page.objects.registration.RegistrationFormFirstStepPage - Clicked on Create an account button
]]></system-out>
    <system-err><![CDATA[Starting ChromeDriver 90.0.4430.24 (4c6d850f087da467d926e8eddb76550aed655991-refs/branch-heads/4430@{#429}) on port 18908
Only local connections are allowed.
Please see https://chromedriver.chromium.org/security-considerations for suggestions on keeping ChromeDriver safe.
ChromeDriver was started successfully.
May 05, 2021 7:49:16 P.M. org.openqa.selenium.remote.ProtocolHandshake createSession
INFO: Detected dialect: W3C
]]></system-err>
  </testcase>
  <testcase name="asUserRegisterUsingCorrectRegistrationData" classname="tests.PositiveRegistrationTests" time="14.696">
    <failure message="Expected condition failed: waiting for visibility of Proxy element for: DefaultElementLocator &apos;By.id: account-creation_form&apos; (tried for 10 second(s) with 500 milliseconds interval)" type="org.openqa.selenium.TimeoutException"><![CDATA[org.openqa.selenium.TimeoutException: Expected condition failed: waiting for visibility of Proxy element for: DefaultElementLocator 'By.id: account-creation_form' (tried for 10 second(s) with 500 milliseconds interval)
	at tests.PositiveRegistrationTests.asUserRegisterUsingCorrectRegistrationData(PositiveRegistrationTests.java:40)
Caused by: org.openqa.selenium.NoSuchElementException: 
no such element: Unable to locate element: {"method":"css selector","selector":"#account\-creation_form"}
  (Session info: chrome=90.0.4430.93)
For documentation on this error, please visit: https://www.seleniumhq.org/exceptions/no_such_element.html
Build info: version: '3.141.59', revision: 'e82be7d358', time: '2018-11-14T08:17:03'
System info: host: 'MINIONEK', ip: '192.168.0.80', os.name: 'Windows 10', os.arch: 'amd64', os.version: '10.0', java.version: '11.0.2'
Driver info: org.openqa.selenium.chrome.ChromeDriver
Capabilities {acceptInsecureCerts: false, browserName: chrome, browserVersion: 90.0.4430.93, chrome: {chromedriverVersion: 90.0.4430.24 (4c6d850f087da..., userDataDir: C:\Users\monikaj\AppData\Lo...}, goog:chromeOptions: {debuggerAddress: localhost:54648}, javascriptEnabled: true, networkConnectionEnabled: false, pageLoadStrategy: normal, platform: WINDOWS, platformName: WINDOWS, proxy: Proxy(), setWindowRect: true, strictFileInteractability: false, timeouts: {implicit: 0, pageLoad: 300000, script: 30000}, unhandledPromptBehavior: dismiss and notify, webauthn:extension:largeBlob: true, webauthn:virtualAuthenticators: true}
Session ID: c980e8e4cd1470a3057029b5b8891042
*** Element info: {Using=id, value=account-creation_form}
	at tests.PositiveRegistrationTests.asUserRegisterUsingCorrectRegistrationData(PositiveRegistrationTests.java:40)
]]></failure>
    <system-out><![CDATA[[INFO ] 2021-05-05 19:49:42.336 [main] page.objects.registration.RegistrationFormFirstStepPage - Typed into email field in Create Account form: email1117@email.com
[INFO ] 2021-05-05 19:49:42.396 [main] page.objects.registration.RegistrationFormFirstStepPage - Clicked on Create an account button
]]></system-out>
    <system-err><![CDATA[Starting ChromeDriver 90.0.4430.24 (4c6d850f087da467d926e8eddb76550aed655991-refs/branch-heads/4430@{#429}) on port 20223
Only local connections are allowed.
Please see https://chromedriver.chromium.org/security-considerations for suggestions on keeping ChromeDriver safe.
ChromeDriver was started successfully.
May 05, 2021 7:49:37 P.M. org.openqa.selenium.remote.ProtocolHandshake createSession
INFO: Detected dialect: W3C
]]></system-err>
  </testcase>
</testsuite>